<?xml version="1.0" encoding="UTF-8"?>
<!-- Generated by org.testng.reporters.JUnitReportReporter -->
<testsuite hostname="LAPTOP-K3TCJRVS" failures="0" tests="3" name="Batch_execution.Sample2" time="0.003" errors="0" timestamp="2023-09-05T15:44:12 IST" skipped="0">
  <testcase classname="Batch_execution.Sample2" name="tc5" time="0.001"/>
  <system-out>
    <![CDATA[==I am From tc5==]]>
  </system-out>
  <testcase classname="Batch_execution.Sample2" name="tc4" time="0.001"/>
  <system-out>
    <![CDATA[==I am From tc4==]]>
  </system-out>
  <testcase classname="Batch_execution.Sample2" name="tc6" time="0.001"/>
  <system-out>
    <![CDATA[==I am From tc6==]]>
  </system-out>
</testsuite> <!-- Batch_execution.Sample2 -->
