<?xml version="1.0" encoding="UTF-8"?>
<!-- Generated by org.testng.reporters.JUnitReportReporter -->
<testsuite hostname="LAPTOP-K3TCJRVS" failures="0" tests="1" name="practice.Annotaions_flow" time="0.010" errors="0" timestamp="2023-09-05T15:07:55 IST" skipped="0">
  <testcase classname="practice.Annotaions_flow" name="t1" time="0.010"/>
  <system-out>
    <![CDATA[====Boss I am main tC====]]>
  </system-out>
</testsuite> <!-- practice.Annotaions_flow -->
