<?xml version="1.0" encoding="UTF-8"?>
<!-- Generated by org.testng.reporters.JUnitReportReporter -->
<testsuite hostname="LAPTOP-K3TCJRVS" failures="0" tests="9" name="practice.TestngKeywords" time="0.021" errors="0" timestamp="2023-09-05T14:56:47 IST" skipped="0">
  <testcase classname="practice.TestngKeywords" name="m" time="0.001"/>
  <system-out>
    <![CDATA[kesava]]>
  </system-out>
  <testcase classname="practice.TestngKeywords" name="m" time="0.001"/>
  <system-out>
    <![CDATA[kesava]]>
  </system-out>
  <testcase classname="practice.TestngKeywords" name="m" time="0.001"/>
  <system-out>
    <![CDATA[kesava]]>
  </system-out>
  <testcase classname="practice.TestngKeywords" name="m" time="0.002"/>
  <system-out>
    <![CDATA[kesava]]>
  </system-out>
  <testcase classname="practice.TestngKeywords" name="m" time="0.001"/>
  <system-out>
    <![CDATA[kesava]]>
  </system-out>
  <testcase classname="practice.TestngKeywords" name="m" time="0.012"/>
  <system-out>
    <![CDATA[kesava]]>
  </system-out>
  <testcase classname="practice.TestngKeywords" name="m" time="0.001"/>
  <system-out>
    <![CDATA[kesava]]>
  </system-out>
  <testcase classname="practice.TestngKeywords" name="m" time="0.001"/>
  <system-out>
    <![CDATA[kesava]]>
  </system-out>
  <testcase classname="practice.TestngKeywords" name="m" time="0.001"/>
  <system-out>
    <![CDATA[kesava]]>
  </system-out>
</testsuite> <!-- practice.TestngKeywords -->
