<?xml version="1.0" encoding="UTF-8"?>
<!-- Generated by org.testng.reporters.JUnitReportReporter -->
<testsuite hostname="LAPTOP-K3TCJRVS" failures="0" tests="3" name="Batch_execution.Sample1" time="0.014" errors="0" timestamp="2023-09-06T15:09:15 IST" skipped="0">
  <testcase classname="Batch_execution.Sample1" name="tc2" time="0.002"/>
  <system-out>
    <![CDATA[==Hii I am from tc2== ]]>
  </system-out>
  <testcase classname="Batch_execution.Sample1" name="tc1" time="0.011"/>
  <system-out>
    <![CDATA[==Hii I am from tc1== ]]>
  </system-out>
  <testcase classname="Batch_execution.Sample1" name="tc3" time="0.001"/>
  <system-out>
    <![CDATA[==Hii I am from tc3== ]]>
  </system-out>
</testsuite> <!-- Batch_execution.Sample1 -->
