<?xml version="1.0" encoding="UTF-8"?>
<!-- Generated by org.testng.reporters.JUnitReportReporter -->
<testsuite hostname="LAPTOP-K3TCJRVS" failures="0" tests="3" name="Batch_execution.Sample3" time="0.017" errors="0" timestamp="2023-09-05T15:44:12 IST" skipped="0">
  <testcase classname="Batch_execution.Sample3" name="tc7" time="0.015"/>
  <system-out>
    <![CDATA[==Iam from tc7==]]>
  </system-out>
  <testcase classname="Batch_execution.Sample3" name="tc9" time="0.001"/>
  <system-out>
    <![CDATA[==I am From tc9==]]>
  </system-out>
  <testcase classname="Batch_execution.Sample3" name="tc8" time="0.001"/>
  <system-out>
    <![CDATA[==I am From tc8==]]>
  </system-out>
</testsuite> <!-- Batch_execution.Sample3 -->
